1730425687754:help
1730427977783:find-movie-by-id
1730428043694:find-movie-by-id tt8633478
1730428214015:help
1730491976011:find
1730492001863:find movie -id
1730492255992:help
1730492264055:find
1730492267726:movie
1730492400323:help
1730492664648:find movie teste
1730492716170:find movie -id teste
1730492858478:help
1730492869559:find movie byID teste
1730492897998:find movie --byID
1730492915966:find movie --byID teste
1730492933089:find movie teste
1730493944797:help
1730493960065:find movie --by-name
1730494019039:find movie --by-id
1730494138702:find movie -id
1730494152595:find movie id
1730494216512:help
1730592970553:find serie by-id tt0898266
1730593060869:find serie by-id SerieModel model = serieService.loadSerieByID(id);
1730593108966:clam
1730593116349:clean
1730593137618:find serie by-id tt0898266
1731254991331:help
1731345941917:find serie by-id tt0898266
1731345972216:stacktrace
1731346175716:find serie by-id tt0898266
1731630116635:stacktrace
1731630389620:find serie by-id tt0898266
1731708532076:stacktrace
1731708588680:find serie by-id tt0898266
1731711145358:find sertie by-id tt0898266
1731711160836:find serie by-id tt0898266
1731791891725:find movie by-id tt8633478
1731792765379:stacktrace
1731792871894:find movie by-id tt8633478
1731792987166:find movie by-id 7073d8c5
1731793712969:find movie by-id tt8633478
1731794454049:find movie by-id
1731794608422:find movie by-id tt8633478
1731900545529:find serie by-id tt0898266
1732065339377:git status
